mobilesafe/build/outputs/logs/manifest-merger-debug-report.txt
-- Merging decision tree log ---
manifest
ADDED from src\main\AndroidManifest.xml:2:1-93:12
	xmlns:android
		ADDED from src\main\AndroidManifest.xml:2:11-69
	package
		ADDED from src\main\AndroidManifest.xml:3:5-34
		INJECTED from src\main\AndroidManifest.xml
		INJECTED from src\main\AndroidManifest.xml
	android:versionName
		ADDED from src\main\AndroidManifest.xml:5:5-32
		INJECTED from src\main\AndroidManifest.xml
		INJECTED from src\main\AndroidManifest.xml
	android:versionCode
		ADDED from src\main\AndroidManifest.xml:4:5-28
		INJECTED from src\main\AndroidManifest.xml
		INJECTED from src\main\AndroidManifest.xml
uses-sdk
ADDED from src\main\AndroidManifest.xml:7:5-9:41
	android:targetSdkVersion
		ADDED from src\main\AndroidManifest.xml:9:9-38
		INJECTED from src\main\AndroidManifest.xml
		INJECTED from src\main\AndroidManifest.xml
	android:minSdkVersion
		ADDED from src\main\AndroidManifest.xml:8:9-34
		INJECTED from src\main\AndroidManifest.xml
		INJECTED from src\main\AndroidManifest.xml
uses-permission#android.permission.INTERNET
ADDED from src\main\AndroidManifest.xml:11:5-67
	android:name
		ADDED from src\main\AndroidManifest.xml:11:22-64
uses-permission#android.permission.WRITE_EXTERNAL_STORAGE
ADDED from src\main\AndroidManifest.xml:12:5-81
	android:name
		ADDED from src\main\AndroidManifest.xml:12:22-78
uses-permission#android.permission.READ_CONTACTS
ADDED from src\main\AndroidManifest.xml:13:5-72
	android:name
		ADDED from src\main\AndroidManifest.xml:13:22-69
uses-permission#android.permission.RECEIVE_BOOT_COMPLETED
ADDED from src\main\AndroidManifest.xml:14:5-81
	android:name
		ADDED from src\main\AndroidManifest.xml:14:22-78
uses-permission#android.permission.READ_PHONE_STATE
ADDED from src\main\AndroidManifest.xml:15:5-75
	android:name
		ADDED from src\main\AndroidManifest.xml:15:22-72
uses-permission#android.permission.SEND_SMS
ADDED from src\main\AndroidManifest.xml:16:5-67
	android:name
		ADDED from src\main\AndroidManifest.xml:16:22-64
uses-permission#android.permission.RECEIVE_SMS
ADDED from src\main\AndroidManifest.xml:17:5-70
	android:name
		ADDED from src\main\AndroidManifest.xml:17:22-67
uses-permission#android.permission.ACCESS_FINE_LOCATION
ADDED from src\main\AndroidManifest.xml:18:5-79
	android:name
		ADDED from src\main\AndroidManifest.xml:18:22-76
uses-permission#android.permission.ACCESS_LOCATION_EXTRA_COMMANDS
ADDED from src\main\AndroidManifest.xml:19:5-89
	android:name
		ADDED from src\main\AndroidManifest.xml:19:22-86
uses-permission#android.permission.PROCESS_OUTGOING_CALLS
ADDED from src\main\AndroidManifest.xml:20:5-81
	android:name
		ADDED from src\main\AndroidManifest.xml:20:22-78
uses-permission#android.permission.SYSTEM_ALERT_WINDOW
ADDED from src\main\AndroidManifest.xml:21:5-78
	android:name
		ADDED from src\main\AndroidManifest.xml:21:22-75
uses-permission#android.permission.READ_EXTERNAL_STORAGE
ADDED from src\main\AndroidManifest.xml:22:5-80
	android:name
		ADDED from src\main\AndroidManifest.xml:22:22-77
uses-permission#android.permission.WRITE_SMS
ADDED from src\main\AndroidManifest.xml:23:5-68
	android:name
		ADDED from src\main\AndroidManifest.xml:23:22-65
uses-permission#android.permission.READ_SMS
ADDED from src\main\AndroidManifest.xml:24:5-67
	android:name
		ADDED from src\main\AndroidManifest.xml:24:22-64
uses-permission#com.android.launcher.permission.INSTALL_SHORTCUT
ADDED from src\main\AndroidManifest.xml:25:5-88
	android:name
		ADDED from src\main\AndroidManifest.xml:25:22-85
application
ADDED from src\main\AndroidManifest.xml:27:5-91:19
	android:label
		ADDED from src\main\AndroidManifest.xml:30:9-41
	android:allowBackup
		ADDED from src\main\AndroidManifest.xml:28:9-35
	android:icon
		ADDED from src\main\AndroidManifest.xml:29:9-45
	android:theme
		ADDED from src\main\AndroidManifest.xml:31:9-40
activity#ip.cynic.mobilesafe.activity.SplashActivity
ADDED from src\main\AndroidManifest.xml:32:9-40:20
	android:label
		ADDED from src\main\AndroidManifest.xml:34:13-45
	android:name
		ADDED from src\main\AndroidManifest.xml:33:13-52
intent-filter#android.intent.action.MAIN+android.intent.category.LAUNCHER
ADDED from src\main\AndroidManifest.xml:35:13-39:29
action#android.intent.action.MAIN
ADDED from src\main\AndroidManifest.xml:36:17-69
	android:name
		ADDED from src\main\AndroidManifest.xml:36:25-66
category#android.intent.category.LAUNCHER
ADDED from src\main\AndroidManifest.xml:38:17-77
	android:name
		ADDED from src\main\AndroidManifest.xml:38:27-74
activity#ip.cynic.mobilesafe.activity.HomeActivity
ADDED from src\main\AndroidManifest.xml:41:9-46:20
	android:name
		ADDED from src\main\AndroidManifest.xml:41:19-56
intent-filter#android.intent.category.DEFAULT+ip.cynic.mobilesafe.shortcut
ADDED from src\main\AndroidManifest.xml:42:13-45:29
action#ip.cynic.mobilesafe.shortcut
ADDED from src\main\AndroidManifest.xml:43:17-71
	android:name
		ADDED from src\main\AndroidManifest.xml:43:25-68
category#android.intent.category.DEFAULT
ADDED from src\main\AndroidManifest.xml:44:17-75
	android:name
		ADDED from src\main\AndroidManifest.xml:44:27-73
activity#ip.cynic.mobilesafe.activity.SettingActivity
ADDED from src\main\AndroidManifest.xml:47:9-62
	android:name
		ADDED from src\main\AndroidManifest.xml:47:19-59
activity#ip.cynic.mobilesafe.activity.SettingSetup1Activity
ADDED from src\main\AndroidManifest.xml:48:9-68
	android:name
		ADDED from src\main\AndroidManifest.xml:48:19-65
activity#ip.cynic.mobilesafe.activity.SettingSetup2Activity
ADDED from src\main\AndroidManifest.xml:49:9-68
	android:name
		ADDED from src\main\AndroidManifest.xml:49:19-65
activity#ip.cynic.mobilesafe.activity.SettingSetup3Activity
ADDED from src\main\AndroidManifest.xml:50:9-68
	android:name
		ADDED from src\main\AndroidManifest.xml:50:19-65
activity#ip.cynic.mobilesafe.activity.SettingSetup4Activity
ADDED from src\main\AndroidManifest.xml:51:9-68
	android:name
		ADDED from src\main\AndroidManifest.xml:51:19-65
activity#ip.cynic.mobilesafe.activity.LostFindActivity
ADDED from src\main\AndroidManifest.xml:52:9-63
	android:name
		ADDED from src\main\AndroidManifest.xml:52:19-60
activity#ip.cynic.mobilesafe.activity.ContactActivity
ADDED from src\main\AndroidManifest.xml:53:9-62
	android:name
		ADDED from src\main\AndroidManifest.xml:53:19-59
activity#ip.cynic.mobilesafe.activity.AdvanceToolActivity
ADDED from src\main\AndroidManifest.xml:54:9-66
	android:name
		ADDED from src\main\AndroidManifest.xml:54:19-63
activity#ip.cynic.mobilesafe.activity.AddressActivity
ADDED from src\main\AndroidManifest.xml:55:9-62
	android:name
		ADDED from src\main\AndroidManifest.xml:55:19-59
activity#ip.cynic.mobilesafe.activity.AddressLocationActivity
ADDED from src\main\AndroidManifest.xml:56:9-70
	android:name
		ADDED from src\main\AndroidManifest.xml:56:19-67
activity#ip.cynic.mobilesafe.activity.CallSafeActivity
ADDED from src\main\AndroidManifest.xml:57:9-63
	android:name
		ADDED from src\main\AndroidManifest.xml:57:19-60
activity#ip.cynic.mobilesafe.activity.BlackNumberActivity
ADDED from src\main\AndroidManifest.xml:58:9-66
	android:name
		ADDED from src\main\AndroidManifest.xml:58:19-63
activity#ip.cynic.mobilesafe.activity.BlackNumberActivity2
ADDED from src\main\AndroidManifest.xml:59:9-67
	android:name
		ADDED from src\main\AndroidManifest.xml:59:19-64
activity#ip.cynic.mobilesafe.activity.AppManagerActivity
ADDED from src\main\AndroidManifest.xml:60:9-65
	android:name
		ADDED from src\main\AndroidManifest.xml:60:19-62
activity#ip.cynic.mobilesafe.activity.TaskManagerActivity
ADDED from src\main\AndroidManifest.xml:61:9-66
	android:name
		ADDED from src\main\AndroidManifest.xml:61:19-63
receiver#ip.cynic.mobilesafe.receiver.BootReceiver
ADDED from src\main\AndroidManifest.xml:63:9-67:20
	android:name
		ADDED from src\main\AndroidManifest.xml:63:19-56
intent-filter#android.intent.action.BOOT_COMPLETED
ADDED from src\main\AndroidManifest.xml:64:13-66:29
action#android.intent.action.BOOT_COMPLETED
ADDED from src\main\AndroidManifest.xml:65:17-79
	android:name
		ADDED from src\main\AndroidManifest.xml:65:25-76
receiver#ip.cynic.mobilesafe.receiver.SmsReceiver
ADDED from src\main\AndroidManifest.xml:68:9-72:20
	android:name
		ADDED from src\main\AndroidManifest.xml:68:19-55
intent-filter#android.provider.Telephony.SMS_RECEIVED
ADDED from src\main\AndroidManifest.xml:69:13-71:29
	android:priority
		ADDED from src\main\AndroidManifest.xml:69:28-51
action#android.provider.Telephony.SMS_RECEIVED
ADDED from src\main\AndroidManifest.xml:70:17-82
	android:name
		ADDED from src\main\AndroidManifest.xml:70:25-79
receiver#ip.cynic.mobilesafe.receiver.MyDeviceAdminReceiver
ADDED from src\main\AndroidManifest.xml:73:9-85:20
	android:label
		ADDED from src\main\AndroidManifest.xml:76:13-56
	android:description
		ADDED from src\main\AndroidManifest.xml:75:13-74
	android:permission
		ADDED from src\main\AndroidManifest.xml:77:13-70
	android:name
		ADDED from src\main\AndroidManifest.xml:74:13-59
meta-data#android.app.device_admin
ADDED from src\main\AndroidManifest.xml:78:13-80:56
	android:resource
		ADDED from src\main\AndroidManifest.xml:80:17-53
	android:name
		ADDED from src\main\AndroidManifest.xml:79:17-56
intent-filter#android.app.action.DEVICE_ADMIN_ENABLED
ADDED from src\main\AndroidManifest.xml:82:13-84:29
action#android.app.action.DEVICE_ADMIN_ENABLED
ADDED from src\main\AndroidManifest.xml:83:17-82
	android:name
		ADDED from src\main\AndroidManifest.xml:83:25-79
service#ip.cynic.mobilesafe.service.LocationService
ADDED from src\main\AndroidManifest.xml:87:9-60
	android:name
		ADDED from src\main\AndroidManifest.xml:87:18-57
service#ip.cynic.mobilesafe.service.AddressService
ADDED from src\main\AndroidManifest.xml:88:9-59
	android:name
		ADDED from src\main\AndroidManifest.xml:88:18-56
service#ip.cynic.mobilesafe.service.CallSafeService
ADDED from src\main\AndroidManifest.xml:89:9-60
	android:name
		ADDED from src\main\AndroidManifest.xml:89:18-57